<?xml version="1.0" encoding="UTF-8"?>
<!-- Generated by org.testng.reporters.JUnitReportReporter -->
<testsuite hostname="DESKTOP-EV9AUJL" failures="0" tests="1" name="TestClassPackage.Get_TC1" time="1.040" errors="0" timestamp="2023-10-30T00:38:35 IST" skipped="0">
  <testcase classname="TestClassPackage.Get_TC1" name="Executer" time="1.040"/>
  <system-out/>
</testsuite> <!-- TestClassPackage.Get_TC1 -->
